0 info it worked if it ends with ok
1 verbose cli [ '/usr/local/bin/node',
1 verbose cli   '/usr/local/lib/node_modules/cnpm/node_modules/.bin/npm',
1 verbose cli   '--userconfig=/Users/liuxiaoer/.cnpmrc',
1 verbose cli   '--disturl=https://npm.taobao.org/mirrors/node',
1 verbose cli   '--registry=https://registry.npm.taobao.org',
1 verbose cli   'start' ]
2 info using npm@3.10.10
3 info using node@v9.4.0
4 verbose run-script [ 'prestart', 'start', 'poststart' ]
5 info lifecycle koa2-demo@0.1.0~prestart: koa2-demo@0.1.0
6 silly lifecycle koa2-demo@0.1.0~prestart: no script for prestart, continuing
7 info lifecycle koa2-demo@0.1.0~start: koa2-demo@0.1.0
8 verbose lifecycle koa2-demo@0.1.0~start: unsafe-perm in lifecycle true
9 verbose lifecycle koa2-demo@0.1.0~start: PATH: /usr/local/lib/node_modules/cnpm/node_modules/npm/bin/node-gyp-bin:/Users/liuxiaoer/Desktop/Nodejs/NodeJS/code/koa2-demo/node_modules/.bin:/usr/local/bin:/usr/bin:/bin:/usr/sbin:/sbin:/Applications/Wireshark.app/Contents/MacOS:/Users/liuxiaoer/Library/Android/sdk/platform-tools/:/Users/liuxiaoer/Library/Android/sdk/tools:/Users/liuxiaoer/Desktop/gradle-4.4/bin:/Users/liuxiaoer/Library/Android/sdk/platform-tools/:/Users/liuxiaoer/Library/Android/sdk/tools:/Users/liuxiaoer/Desktop/gradle-4.4/bin
10 verbose lifecycle koa2-demo@0.1.0~start: CWD: /Users/liuxiaoer/Desktop/Nodejs/NodeJS/code/koa2-demo
11 silly lifecycle koa2-demo@0.1.0~start: Args: [ '-c', 'node bin/www' ]
12 silly lifecycle koa2-demo@0.1.0~start: Returned: code: 1  signal: null
13 info lifecycle koa2-demo@0.1.0~start: Failed to exec start script
14 verbose stack Error: koa2-demo@0.1.0 start: `node bin/www`
14 verbose stack Exit status 1
14 verbose stack     at EventEmitter.<anonymous> (/usr/local/lib/node_modules/cnpm/node_modules/npm/lib/utils/lifecycle.js:255:16)
14 verbose stack     at EventEmitter.emit (events.js:160:13)
14 verbose stack     at ChildProcess.<anonymous> (/usr/local/lib/node_modules/cnpm/node_modules/npm/lib/utils/spawn.js:40:14)
14 verbose stack     at ChildProcess.emit (events.js:160:13)
14 verbose stack     at maybeClose (internal/child_process.js:943:16)
14 verbose stack     at Process.ChildProcess._handle.onexit (internal/child_process.js:220:5)
15 verbose pkgid koa2-demo@0.1.0
16 verbose cwd /Users/liuxiaoer/Desktop/Nodejs/NodeJS/code/koa2-demo
17 error Darwin 16.7.0
18 error argv "/usr/local/bin/node" "/usr/local/lib/node_modules/cnpm/node_modules/.bin/npm" "--userconfig=/Users/liuxiaoer/.cnpmrc" "--disturl=https://npm.taobao.org/mirrors/node" "--registry=https://registry.npm.taobao.org" "start"
19 error node v9.4.0
20 error npm  v3.10.10
21 error code ELIFECYCLE
22 error koa2-demo@0.1.0 start: `node bin/www`
22 error Exit status 1
23 error Failed at the koa2-demo@0.1.0 start script 'node bin/www'.
23 error Make sure you have the latest version of node.js and npm installed.
23 error If you do, this is most likely a problem with the koa2-demo package,
23 error not with npm itself.
23 error Tell the author that this fails on your system:
23 error     node bin/www
23 error You can get information on how to open an issue for this project with:
23 error     npm bugs koa2-demo
23 error Or if that isn't available, you can get their info via:
23 error     npm owner ls koa2-demo
23 error There is likely additional logging output above.
24 verbose exit [ 1, true ]
